Using pre-set license
Built from '2022.3/staging' branch; Version is '2022.3.21f1 (bf09ca542b87) revision 12519882'; Using compiler version '192829333'; Build Type 'Release'
OS: 'Windows 10  (10.0.19045) 64bit Professional' Language: 'pl' Physical Memory: 15776 MB
BatchMode: 1, IsHumanControllingUs: 0, StartBugReporterOnCrash: 0, Is64bit: 1, IsPro: 1

COMMAND LINE ARGUMENTS:
C:\Program Files\Unity\Hub\Editor\2022.3.21f1\Editor\Unity.exe
-adb2
-batchMode
-noUpm
-name
AssetImportWorker2
-projectPath
C:/Users/Lenovo/Documents/GitHub/GRA
-logFile
Logs/AssetImportWorker2.log
-srvPort
62591
Successfully changed project path to: C:/Users/Lenovo/Documents/GitHub/GRA
C:/Users/Lenovo/Documents/GitHub/GRA
[UnityMemory] Configuration Parameters - Can be set up in boot.config
    "memorysetup-bucket-allocator-granularity=16"
    "memorysetup-bucket-allocator-bucket-count=8"
    "memorysetup-bucket-allocator-block-size=33554432"
    "memorysetup-bucket-allocator-block-count=8"
    "memorysetup-main-allocator-block-size=16777216"
    "memorysetup-thread-allocator-block-size=16777216"
    "memorysetup-gfx-main-allocator-block-size=16777216"
    "memorysetup-gfx-thread-allocator-block-size=16777216"
    "memorysetup-cache-allocator-block-size=4194304"
    "memorysetup-typetree-allocator-block-size=2097152"
    "memorysetup-profiler-bucket-allocator-granularity=16"
    "memorysetup-profiler-bucket-allocator-bucket-count=8"
    "memorysetup-profiler-bucket-allocator-block-size=33554432"
    "memorysetup-profiler-bucket-allocator-block-count=8"
    "memorysetup-profiler-allocator-block-size=16777216"
    "memorysetup-profiler-editor-allocator-block-size=1048576"
    "memorysetup-temp-allocator-size-main=16777216"
    "memorysetup-job-temp-allocator-block-size=2097152"
    "memorysetup-job-temp-allocator-block-size-background=1048576"
    "memorysetup-job-temp-allocator-reduction-small-platforms=262144"
    "memorysetup-allocator-temp-initial-block-size-main=262144"
    "memorysetup-allocator-temp-initial-block-size-worker=262144"
    "memorysetup-temp-allocator-size-background-worker=32768"
    "memorysetup-temp-allocator-size-job-worker=262144"
    "memorysetup-temp-allocator-size-preload-manager=33554432"
    "memorysetup-temp-allocator-size-nav-mesh-worker=65536"
    "memorysetup-temp-allocator-size-audio-worker=65536"
    "memorysetup-temp-allocator-size-cloud-worker=32768"
    "memorysetup-temp-allocator-size-gi-baking-worker=262144"
    "memorysetup-temp-allocator-size-gfx=262144"
Player connection [14024] Host "[IP] 192.168.128.46 [Port] 0 [Flags] 2 [Guid] 3906716968 [EditorId] 3906716968 [Version] 1048832 [Id] WindowsEditor(7,DESKTOP-KKQ22LL) [Debug] 1 [PackageName] WindowsEditor [ProjectName] Editor" joined multi-casting on [225.0.0.222:54997]...

Player connection [14024] Host "[IP] 192.168.128.46 [Port] 0 [Flags] 2 [Guid] 3906716968 [EditorId] 3906716968 [Version] 1048832 [Id] WindowsEditor(7,DESKTOP-KKQ22LL) [Debug] 1 [PackageName] WindowsEditor [ProjectName] Editor" joined alternative multi-casting on [225.0.0.222:34997]...

[Physics::Module] Initialized MultithreadedJobDispatcher with 3 workers.
Refreshing native plugins compatible for Editor in 20.00 ms, found 4 plugins.
Preloading 0 native plugins for Editor in 0.00 ms.
Initialize engine version: 2022.3.21f1 (bf09ca542b87)
[Subsystems] Discovering subsystems at path C:/Program Files/Unity/Hub/Editor/2022.3.21f1/Editor/Data/Resources/UnitySubsystems
[Subsystems] Discovering subsystems at path C:/Users/Lenovo/Documents/GitHub/GRA/Assets
GfxDevice: creating device client; threaded=0; jobified=0
Direct3D:
    Version:  Direct3D 11.0 [level 11.1]
    Renderer: Intel(R) HD Graphics 520 (ID=0x1916)
    Vendor:   Intel
    VRAM:     7888 MB
    Driver:   31.0.101.2111
Initialize mono
Mono path[0] = 'C:/Program Files/Unity/Hub/Editor/2022.3.21f1/Editor/Data/Managed'
Mono path[1] = 'C:/Program Files/Unity/Hub/Editor/2022.3.21f1/Editor/Data/MonoBleedingEdge/lib/mono/unityjit-win32'
Mono config path = 'C:/Program Files/Unity/Hub/Editor/2022.3.21f1/Editor/Data/MonoBleedingEdge/etc'
Using monoOptions --debugger-agent=transport=dt_socket,embedding=1,server=y,suspend=n,address=127.0.0.1:56304
Begin MonoManager ReloadAssembly
Registering precompiled unity dll's ...
Register platform support module: C:/Program Files/Unity/Hub/Editor/2022.3.21f1/Editor/Data/PlaybackEngines/WebGLSupport/UnityEditor.WebGL.Extensions.dll
Register platform support module: C:/Program Files/Unity/Hub/Editor/2022.3.21f1/Editor/Data/PlaybackEngines/WindowsStandaloneSupport/UnityEditor.WindowsStandalone.Extensions.dll
Registered in 0.016141 seconds.
- Loaded All Assemblies, in  0.523 seconds
Native extension for WindowsStandalone target not found
Native extension for WebGL target not found
Mono: successfully reloaded assembly
- Finished resetting the current domain, in  0.396 seconds
Domain Reload Profiling: 917ms
	BeginReloadAssembly (155ms)
		ExecutionOrderSort (0ms)
		DisableScriptedObjects (0ms)
		BackupInstance (0ms)
		ReleaseScriptingObjects (0ms)
		CreateAndSetChildDomain (1ms)
	RebuildCommonClasses (49ms)
	RebuildNativeTypeToScriptingClass (15ms)
	initialDomainReloadingComplete (86ms)
	LoadAllAssembliesAndSetupDomain (216ms)
		LoadAssemblies (152ms)
		RebuildTransferFunctionScriptingTraits (0ms)
		AnalyzeDomain (212ms)
			TypeCache.Refresh (210ms)
				TypeCache.ScanAssembly (191ms)
			ScanForSourceGeneratedMonoScriptInfo (1ms)
			ResolveRequiredComponents (1ms)
	FinalizeReload (396ms)
		ReleaseScriptCaches (0ms)
		RebuildScriptCaches (0ms)
		SetupLoadedEditorAssemblies (311ms)
			LogAssemblyErrors (0ms)
			InitializePlatformSupportModulesInManaged (16ms)
			SetLoadedEditorAssemblies (9ms)
			RefreshPlugins (0ms)
			BeforeProcessingInitializeOnLoad (4ms)
			ProcessInitializeOnLoadAttributes (219ms)
			ProcessInitializeOnLoadMethodAttributes (63ms)
			AfterProcessingInitializeOnLoad (0ms)
			EditorAssembliesLoaded (0ms)
		ExecutionOrderSort2 (0ms)
		AwakeInstancesAfterBackupRestoration (0ms)
========================================================================
Worker process is ready to serve import requests
Begin MonoManager ReloadAssembly
- Loaded All Assemblies, in  0.991 seconds
Refreshing native plugins compatible for Editor in 7.65 ms, found 4 plugins.
Native extension for WindowsStandalone target not found
Native extension for WebGL target not found
Package Manager log level set to [2]
[Package Manager] Server::EnsureServerProcessIsRunning -- launch failed, reason: Unity was launched with the -noUpm command-line argument
[Package Manager] UpmClient::Send -- Unable to send message (not connected to UPM process).
[Package Manager] Cannot connect to Unity Package Manager local server
Mono: successfully reloaded assembly
- Finished resetting the current domain, in  1.046 seconds
Domain Reload Profiling: 2032ms
	BeginReloadAssembly (208ms)
		ExecutionOrderSort (0ms)
		DisableScriptedObjects (8ms)
		BackupInstance (0ms)
		ReleaseScriptingObjects (0ms)
		CreateAndSetChildDomain (31ms)
	RebuildCommonClasses (55ms)
	RebuildNativeTypeToScriptingClass (17ms)
	initialDomainReloadingComplete (61ms)
	LoadAllAssembliesAndSetupDomain (645ms)
		LoadAssemblies (480ms)
		RebuildTransferFunctionScriptingTraits (0ms)
		AnalyzeDomain (283ms)
			TypeCache.Refresh (241ms)
				TypeCache.ScanAssembly (216ms)
			ScanForSourceGeneratedMonoScriptInfo (32ms)
			ResolveRequiredComponents (9ms)
	FinalizeReload (1046ms)
		ReleaseScriptCaches (0ms)
		RebuildScriptCaches (0ms)
		SetupLoadedEditorAssemblies (782ms)
			LogAssemblyErrors (0ms)
			InitializePlatformSupportModulesInManaged (11ms)
			SetLoadedEditorAssemblies (5ms)
			RefreshPlugins (0ms)
			BeforeProcessingInitializeOnLoad (104ms)
			ProcessInitializeOnLoadAttributes (598ms)
			ProcessInitializeOnLoadMethodAttributes (53ms)
			AfterProcessingInitializeOnLoad (11ms)
			EditorAssembliesLoaded (0ms)
		ExecutionOrderSort2 (0ms)
		AwakeInstancesAfterBackupRestoration (12ms)
Launched and connected shader compiler UnityShaderCompiler.exe after 0.11 seconds
Refreshing native plugins compatible for Editor in 12.77 ms, found 4 plugins.
Preloading 0 native plugins for Editor in 0.00 ms.
Unloading 4579 Unused Serialized files (Serialized files now loaded: 0)
Unloading 90 unused Assets / (317.0 KB). Loaded Objects now: 5035.
Memory consumption went from 154.5 MB to 154.2 MB.
Total: 9.701100 ms (FindLiveObjects: 0.862600 ms CreateObjectMapping: 0.920400 ms MarkObjects: 7.294800 ms  DeleteObjects: 0.621500 ms)

AssetImportParameters requested are different than current active one (requested -> active):
  custom:scripting/monoscript/fileName/SwordAttack.cs: 9747fb966da6f165f3b26d73c78f18fe -> d7587c2275ae647aff894d7f81f5a7e7
  custom:container-demuxer-ogg: 62fdf1f143b41e24485cea50d1cbac27 -> 
  custom:video-decoder-ogg-theora: a1e56fd34408186e4bbccfd4996cb3dc -> 
  custom:framework-win-MediaFoundation: 216162199b28c13a410421893ffa2e32 -> 
  custom:scripting/monoscript/fileName/EnemyScript.cs: 12ead8ab7b4039d5aa0be81798d20534 -> a588f0b694a2cc2725282aef895ee010
  custom:scripting/monoscript/fileName/PlayerController.cs: 5b090d859ab09be631dc3b0f203f9571 -> d93a52a180fbbe603a59e9aa6da73c83
  custom:CustomObjectIndexerAttribute: 9a22284fe3817be447336de3de66b15e -> 
  custom:container-demuxer-webm: 4f35f7cbe854078d1ac9338744f61a02 -> 
  custom:container-muxer-webm: aa71ff27fc2769a1b78a27578f13a17b -> 
  custom:video-decoder-webm-vp8: 9c59270c3fd7afecdb556c50c9e8de78 -> 
  custom:SearchIndexIgnoredProperties: e643bd26f0fe6173181afceb89e7c659 -> 
  custom:AudioImporter_EditorPlatform: d09bf68614088b80899f8185d706f6e7 -> 
  custom:scripting/monoscript/fileName/Enemy.cs: 8448538d4f104f9acda18da16679c4ac -> 13cc614454c9ae28caa24456faa3d7cf
  custom:video-encoder-webm-vp8: eb34c28f22e8b96e1ab97ce403110664 -> 
  custom:audio-decoder-ogg-vorbis: bf7c407c2cedff20999df2af8eb42d56 -> 
  custom:audio-encoder-webm-vorbis: bf7c407c2cedff20999df2af8eb42d56 -> 
========================================================================
Received Import Request.
  Time since last request: 4905127.466236 seconds.
  path: Assets/Art/mystic-woods/tilesets/floors/carpet.png
  artifactKey: Guid(0df01778ffd84a546a39893ab2b3faad) Importer(815301076,1909f56bfc062723c751e8b465ee728b)
Start importing Assets/Art/mystic-woods/tilesets/floors/carpet.png using Guid(0df01778ffd84a546a39893ab2b3faad) Importer(815301076,1909f56bfc062723c751e8b465ee728b)  -> (artifact id: '4ba04fe682403ce0fdca296fe45a5b7c') in 0.307945 seconds
Number of updated asset objects reloaded before import = 0
Number of asset objects unloaded after import = 3
========================================================================
Received Import Request.
  Time since last request: 5.103119 seconds.
  path: Assets/Art/mystic-woods/tilesets/Tiles/fences_0.asset
  artifactKey: Guid(a938714786dffed4cadbe65bae1d504b) Importer(815301076,1909f56bfc062723c751e8b465ee728b)
Start importing Assets/Art/mystic-woods/tilesets/Tiles/fences_0.asset using Guid(a938714786dffed4cadbe65bae1d504b) Importer(815301076,1909f56bfc062723c751e8b465ee728b)  -> (artifact id: '8aa3db66f0f6e973e5f661ecd667f031') in 0.100390 seconds
Number of updated asset objects reloaded before import = 0
Number of asset objects unloaded after import = 3
========================================================================
Received Import Request.
  Time since last request: 0.000027 seconds.
  path: Assets/Art/mystic-woods/tilesets/Tiles/fences_12.asset
  artifactKey: Guid(7a9c4509ba043c7488eb9bffcdd5e7ab) Importer(815301076,1909f56bfc062723c751e8b465ee728b)
Start importing Assets/Art/mystic-woods/tilesets/Tiles/fences_12.asset using Guid(7a9c4509ba043c7488eb9bffcdd5e7ab) Importer(815301076,1909f56bfc062723c751e8b465ee728b)  -> (artifact id: '8ebeb62d9e16c6cd6f8d3bfe551ab4da') in 0.094241 seconds
Number of updated asset objects reloaded before import = 0
Number of asset objects unloaded after import = 3
========================================================================
Received Import Request.
  Time since last request: 0.000043 seconds.
  path: Assets/Art/mystic-woods/tilesets/Tiles/fences_7.asset
  artifactKey: Guid(f304390189f526e43af4a8353252ffce) Importer(815301076,1909f56bfc062723c751e8b465ee728b)
Start importing Assets/Art/mystic-woods/tilesets/Tiles/fences_7.asset using Guid(f304390189f526e43af4a8353252ffce) Importer(815301076,1909f56bfc062723c751e8b465ee728b)  -> (artifact id: '2070cb4c695d54bfa346fe5d0c823154') in 0.027653 seconds
Number of updated asset objects reloaded before import = 0
Number of asset objects unloaded after import = 3
========================================================================
Received Import Request.
  Time since last request: 0.000023 seconds.
  path: Assets/Art/mystic-woods/tilesets/Tiles/plains_14.asset
  artifactKey: Guid(e10f5e50db7b0aa4294770d599bc77d6) Importer(815301076,1909f56bfc062723c751e8b465ee728b)
Start importing Assets/Art/mystic-woods/tilesets/Tiles/plains_14.asset using Guid(e10f5e50db7b0aa4294770d599bc77d6) Importer(815301076,1909f56bfc062723c751e8b465ee728b)  -> (artifact id: '993abd6d06202131a5ef87d6bc3dc9e7') in 0.033992 seconds
Number of updated asset objects reloaded before import = 0
Number of asset objects unloaded after import = 3
========================================================================
Received Import Request.
  Time since last request: 0.001335 seconds.
  path: Assets/Art/mystic-woods/tilesets/Tiles/plains_12.asset
  artifactKey: Guid(79b6b9b76d86f1146b05bcec3102d7b0) Importer(815301076,1909f56bfc062723c751e8b465ee728b)
Start importing Assets/Art/mystic-woods/tilesets/Tiles/plains_12.asset using Guid(79b6b9b76d86f1146b05bcec3102d7b0) Importer(815301076,1909f56bfc062723c751e8b465ee728b)  -> (artifact id: '3455eb012f375a83cc1b41b2153c6563') in 0.066111 seconds
Number of updated asset objects reloaded before import = 0
Number of asset objects unloaded after import = 3
========================================================================
Received Import Request.
  Time since last request: 0.000024 seconds.
  path: Assets/Art/mystic-woods/tilesets/Tiles/fences_5.asset
  artifactKey: Guid(c78d1b67ba461584bbc6ca2b3065749c) Importer(815301076,1909f56bfc062723c751e8b465ee728b)
Start importing Assets/Art/mystic-woods/tilesets/Tiles/fences_5.asset using Guid(c78d1b67ba461584bbc6ca2b3065749c) Importer(815301076,1909f56bfc062723c751e8b465ee728b)  -> (artifact id: '8dbf2011cf7d0aab93f56b15f04112ad') in 0.042361 seconds
Number of updated asset objects reloaded before import = 0
Number of asset objects unloaded after import = 3
========================================================================
Received Import Request.
  Time since last request: 0.000024 seconds.
  path: Assets/Art/mystic-woods/tilesets/Tiles/fences_14.asset
  artifactKey: Guid(0c3c32284209dee439b079e37f15c390) Importer(815301076,1909f56bfc062723c751e8b465ee728b)
Start importing Assets/Art/mystic-woods/tilesets/Tiles/fences_14.asset using Guid(0c3c32284209dee439b079e37f15c390) Importer(815301076,1909f56bfc062723c751e8b465ee728b)  -> (artifact id: '845c76e8fa798b64d12b3ad142897aaa') in 0.040685 seconds
Number of updated asset objects reloaded before import = 0
Number of asset objects unloaded after import = 3
========================================================================
Received Import Request.
  Time since last request: 0.000029 seconds.
  path: Assets/Art/mystic-woods/tilesets/Tiles/fences_10.asset
  artifactKey: Guid(35089f58a4df1124d8e036f375f87257) Importer(815301076,1909f56bfc062723c751e8b465ee728b)
Start importing Assets/Art/mystic-woods/tilesets/Tiles/fences_10.asset using Guid(35089f58a4df1124d8e036f375f87257) Importer(815301076,1909f56bfc062723c751e8b465ee728b)  -> (artifact id: '954b882479e1b7d471ecde23e2aeb15a') in 0.031874 seconds
Number of updated asset objects reloaded before import = 0
Number of asset objects unloaded after import = 3
========================================================================
Received Import Request.
  Time since last request: 0.000049 seconds.
  path: Assets/Art/mystic-woods/tilesets/Tiles/fences_2.asset
  artifactKey: Guid(513cd7a3b333f524193d4e700b43bdf2) Importer(815301076,1909f56bfc062723c751e8b465ee728b)
Start importing Assets/Art/mystic-woods/tilesets/Tiles/fences_2.asset using Guid(513cd7a3b333f524193d4e700b43bdf2) Importer(815301076,1909f56bfc062723c751e8b465ee728b)  -> (artifact id: 'aee09b43294541aa668253f3d41b903f') in 0.055843 seconds
Number of updated asset objects reloaded before import = 0
Number of asset objects unloaded after import = 3
========================================================================
Received Import Request.
  Time since last request: 0.000026 seconds.
  path: Assets/Art/mystic-woods/tilesets/Tiles/fences_11.asset
  artifactKey: Guid(7eee8a11b8d572d4e9f96c0787c92960) Importer(815301076,1909f56bfc062723c751e8b465ee728b)
Start importing Assets/Art/mystic-woods/tilesets/Tiles/fences_11.asset using Guid(7eee8a11b8d572d4e9f96c0787c92960) Importer(815301076,1909f56bfc062723c751e8b465ee728b)  -> (artifact id: '9eea9c94ee88363cf7f3983b05c7f7d9') in 0.031056 seconds
Number of updated asset objects reloaded before import = 0
Number of asset objects unloaded after import = 3
========================================================================
Received Import Request.
  Time since last request: 0.000023 seconds.
  path: Assets/Art/mystic-woods/tilesets/Tiles/plains_2.asset
  artifactKey: Guid(f35d7db3599dc96478d612c887e48639) Importer(815301076,1909f56bfc062723c751e8b465ee728b)
Start importing Assets/Art/mystic-woods/tilesets/Tiles/plains_2.asset using Guid(f35d7db3599dc96478d612c887e48639) Importer(815301076,1909f56bfc062723c751e8b465ee728b)  -> (artifact id: '9b8ca5213f2c82e6adeeed3ab4557208') in 0.038251 seconds
Number of updated asset objects reloaded before import = 0
Number of asset objects unloaded after import = 3
========================================================================
Received Import Request.
  Time since last request: 0.000024 seconds.
  path: Assets/Art/mystic-woods/tilesets/Tiles/plains_15.asset
  artifactKey: Guid(3aec2e15f36fe6c49ab6d5dcb11c36ca) Importer(815301076,1909f56bfc062723c751e8b465ee728b)
Start importing Assets/Art/mystic-woods/tilesets/Tiles/plains_15.asset using Guid(3aec2e15f36fe6c49ab6d5dcb11c36ca) Importer(815301076,1909f56bfc062723c751e8b465ee728b)  -> (artifact id: 'aff1538f05c720997805b6583e3094cd') in 0.020634 seconds
Number of updated asset objects reloaded before import = 0
Number of asset objects unloaded after import = 3
========================================================================
Received Import Request.
  Time since last request: 0.000043 seconds.
  path: Assets/Art/mystic-woods/tilesets/Tiles/plains_19.asset
  artifactKey: Guid(0ff1aad7cd3b0fa42ab5ff12bebff0c1) Importer(815301076,1909f56bfc062723c751e8b465ee728b)
Start importing Assets/Art/mystic-woods/tilesets/Tiles/plains_19.asset using Guid(0ff1aad7cd3b0fa42ab5ff12bebff0c1) Importer(815301076,1909f56bfc062723c751e8b465ee728b)  -> (artifact id: '23ecf9ebb6273e60a27f5a9411a8e227') in 0.045595 seconds
Number of updated asset objects reloaded before import = 0
Number of asset objects unloaded after import = 3
========================================================================
Received Import Request.
  Time since last request: 0.000035 seconds.
  path: Assets/Art/mystic-woods/tilesets/Tiles/plains_13.asset
  artifactKey: Guid(77d9a8d803dc6654aa7ba7a39872ff06) Importer(815301076,1909f56bfc062723c751e8b465ee728b)
Start importing Assets/Art/mystic-woods/tilesets/Tiles/plains_13.asset using Guid(77d9a8d803dc6654aa7ba7a39872ff06) Importer(815301076,1909f56bfc062723c751e8b465ee728b)  -> (artifact id: '183997a7f2df7fa7e714a5a92ae9574c') in 0.021452 seconds
Number of updated asset objects reloaded before import = 0
Number of asset objects unloaded after import = 3
========================================================================
Received Import Request.
  Time since last request: 0.000031 seconds.
  path: Assets/Art/mystic-woods/tilesets/Tiles/plains_17.asset
  artifactKey: Guid(e94cf30f593d6c44cb7653daaa8015b7) Importer(815301076,1909f56bfc062723c751e8b465ee728b)
Start importing Assets/Art/mystic-woods/tilesets/Tiles/plains_17.asset using Guid(e94cf30f593d6c44cb7653daaa8015b7) Importer(815301076,1909f56bfc062723c751e8b465ee728b)  -> (artifact id: 'd1a7b7041883de151d95700d6b29d0b9') in 0.039128 seconds
Number of updated asset objects reloaded before import = 0
Number of asset objects unloaded after import = 3
========================================================================
Received Import Request.
  Time since last request: 0.000385 seconds.
  path: Assets/Art/mystic-woods/tilesets/Tiles/plains_6.asset
  artifactKey: Guid(8f6b5b0890aa1794381827c4a4fcec93) Importer(815301076,1909f56bfc062723c751e8b465ee728b)
Start importing Assets/Art/mystic-woods/tilesets/Tiles/plains_6.asset using Guid(8f6b5b0890aa1794381827c4a4fcec93) Importer(815301076,1909f56bfc062723c751e8b465ee728b)  -> (artifact id: 'b21bfe6ab233240b82eca90d224dbe66') in 0.033705 seconds
Number of updated asset objects reloaded before import = 0
Number of asset objects unloaded after import = 3
========================================================================
Received Import Request.
  Time since last request: 0.000769 seconds.
  path: Assets/Art/mystic-woods/tilesets/Tiles/plains_1.asset
  artifactKey: Guid(67579db7546b36e4ea3a7c8db2f4df3a) Importer(815301076,1909f56bfc062723c751e8b465ee728b)
Start importing Assets/Art/mystic-woods/tilesets/Tiles/plains_1.asset using Guid(67579db7546b36e4ea3a7c8db2f4df3a) Importer(815301076,1909f56bfc062723c751e8b465ee728b)  -> (artifact id: '1b6cde233d4109a70c7a9dd77a99c8f5') in 0.049597 seconds
Number of updated asset objects reloaded before import = 0
Number of asset objects unloaded after import = 3
========================================================================
Received Import Request.
  Time since last request: 0.000026 seconds.
  path: Assets/Art/mystic-woods/tilesets/Tiles/fences_9.asset
  artifactKey: Guid(3517e46aabc15f2498bf6b787e36406d) Importer(815301076,1909f56bfc062723c751e8b465ee728b)
Start importing Assets/Art/mystic-woods/tilesets/Tiles/fences_9.asset using Guid(3517e46aabc15f2498bf6b787e36406d) Importer(815301076,1909f56bfc062723c751e8b465ee728b)  -> (artifact id: 'c245dd01eca5ee16062797f880f895d8') in 0.056710 seconds
Number of updated asset objects reloaded before import = 0
Number of asset objects unloaded after import = 3
========================================================================
Received Import Request.
  Time since last request: 0.000031 seconds.
  path: Assets/Art/mystic-woods/tilesets/Tiles/fences_4.asset
  artifactKey: Guid(16665d7ebc7348c47af6fc57399ce76e) Importer(815301076,1909f56bfc062723c751e8b465ee728b)
Start importing Assets/Art/mystic-woods/tilesets/Tiles/fences_4.asset using Guid(16665d7ebc7348c47af6fc57399ce76e) Importer(815301076,1909f56bfc062723c751e8b465ee728b)  -> (artifact id: 'b0199e99f2e8c40234aa3461ec201ec3') in 0.056433 seconds
Number of updated asset objects reloaded before import = 0
Number of asset objects unloaded after import = 3
========================================================================
Received Import Request.
  Time since last request: 0.777681 seconds.
  path: Assets/Art/mystic-woods/tilesets/Tiles/plains_20.asset
  artifactKey: Guid(fedda53f6b3af20478316c907e66be18) Importer(815301076,1909f56bfc062723c751e8b465ee728b)
Start importing Assets/Art/mystic-woods/tilesets/Tiles/plains_20.asset using Guid(fedda53f6b3af20478316c907e66be18) Importer(815301076,1909f56bfc062723c751e8b465ee728b)  -> (artifact id: 'a28b2c9d0f5c3aedc6d1c82531eeff34') in 0.045307 seconds
Number of updated asset objects reloaded before import = 0
Number of asset objects unloaded after import = 3
========================================================================
Received Import Request.
  Time since last request: 0.000025 seconds.
  path: Assets/Art/mystic-woods/tilesets/Tiles/plains_27.asset
  artifactKey: Guid(3744c84b24adb1e4886ee1a14bd87e89) Importer(815301076,1909f56bfc062723c751e8b465ee728b)
Start importing Assets/Art/mystic-woods/tilesets/Tiles/plains_27.asset using Guid(3744c84b24adb1e4886ee1a14bd87e89) Importer(815301076,1909f56bfc062723c751e8b465ee728b)  -> (artifact id: 'c58a4547d8fad5fc863ec0147bdb16e2') in 0.051386 seconds
Number of updated asset objects reloaded before import = 0
Number of asset objects unloaded after import = 3
========================================================================
Received Import Request.
  Time since last request: 0.000029 seconds.
  path: Assets/Art/mystic-woods/tilesets/Tiles/plains_28.asset
  artifactKey: Guid(e3c147ba3ee61df4cb0cf10c6925ab28) Importer(815301076,1909f56bfc062723c751e8b465ee728b)
Start importing Assets/Art/mystic-woods/tilesets/Tiles/plains_28.asset using Guid(e3c147ba3ee61df4cb0cf10c6925ab28) Importer(815301076,1909f56bfc062723c751e8b465ee728b)  -> (artifact id: '5c88626978d616d0d47bd541ab5a2a67') in 0.027892 seconds
Number of updated asset objects reloaded before import = 0
Number of asset objects unloaded after import = 3
========================================================================
Received Import Request.
  Time since last request: 0.000059 seconds.
  path: Assets/Art/mystic-woods/tilesets/Tiles/plains_25.asset
  artifactKey: Guid(319d253359034d449abb3ed1f8205b6a) Importer(815301076,1909f56bfc062723c751e8b465ee728b)
Start importing Assets/Art/mystic-woods/tilesets/Tiles/plains_25.asset using Guid(319d253359034d449abb3ed1f8205b6a) Importer(815301076,1909f56bfc062723c751e8b465ee728b)  -> (artifact id: '0cba2823570019ceba6ee9e322ebfdc6') in 0.055173 seconds
Number of updated asset objects reloaded before import = 0
Number of asset objects unloaded after import = 3
========================================================================
Received Import Request.
  Time since last request: 0.000025 seconds.
  path: Assets/Art/mystic-woods/tilesets/Tiles/plains_24.asset
  artifactKey: Guid(4815524d09fb376449d3406b20954d98) Importer(815301076,1909f56bfc062723c751e8b465ee728b)
Start importing Assets/Art/mystic-woods/tilesets/Tiles/plains_24.asset using Guid(4815524d09fb376449d3406b20954d98) Importer(815301076,1909f56bfc062723c751e8b465ee728b)  -> (artifact id: 'f4479d9c9e99cf8ce3ba41c1b7b084f7') in 0.035140 seconds
Number of updated asset objects reloaded before import = 0
Number of asset objects unloaded after import = 3
========================================================================
Received Import Request.
  Time since last request: 0.143840 seconds.
  path: Assets/Art/mystic-woods/tilesets/Tiles/plains_29.asset
  artifactKey: Guid(9e175bb268924734b885e9352606aceb) Importer(815301076,1909f56bfc062723c751e8b465ee728b)
Start importing Assets/Art/mystic-woods/tilesets/Tiles/plains_29.asset using Guid(9e175bb268924734b885e9352606aceb) Importer(815301076,1909f56bfc062723c751e8b465ee728b)  -> (artifact id: '2673c87ab1266a2c68a502745fdc67a3') in 0.046776 seconds
Number of updated asset objects reloaded before import = 0
Number of asset objects unloaded after import = 3
========================================================================
Received Import Request.
  Time since last request: 0.000036 seconds.
  path: Assets/Art/mystic-woods/tilesets/Tiles/plains_35.asset
  artifactKey: Guid(3187c47b72ef5c44eacaf8e7b778291d) Importer(815301076,1909f56bfc062723c751e8b465ee728b)
Start importing Assets/Art/mystic-woods/tilesets/Tiles/plains_35.asset using Guid(3187c47b72ef5c44eacaf8e7b778291d) Importer(815301076,1909f56bfc062723c751e8b465ee728b)  -> (artifact id: 'ccc00a1fc52db4bfafe2ff06ab2352e1') in 0.034929 seconds
Number of updated asset objects reloaded before import = 0
Number of asset objects unloaded after import = 3
========================================================================
Received Import Request.
  Time since last request: 0.000025 seconds.
  path: Assets/Art/mystic-woods/tilesets/Tiles/plains_33.asset
  artifactKey: Guid(b251ae49db6cef642b2db0a4d5dcb88a) Importer(815301076,1909f56bfc062723c751e8b465ee728b)
Start importing Assets/Art/mystic-woods/tilesets/Tiles/plains_33.asset using Guid(b251ae49db6cef642b2db0a4d5dcb88a) Importer(815301076,1909f56bfc062723c751e8b465ee728b)  -> (artifact id: 'd6aef2a3ee5c8214328680ee6bfb5320') in 0.028219 seconds
Number of updated asset objects reloaded before import = 0
Number of asset objects unloaded after import = 3
========================================================================
Received Import Request.
  Time since last request: 0.000028 seconds.
  path: Assets/Art/mystic-woods/tilesets/Tiles/plains_37.asset
  artifactKey: Guid(9630c8a00001e7543a2698036ff5a5ba) Importer(815301076,1909f56bfc062723c751e8b465ee728b)
Start importing Assets/Art/mystic-woods/tilesets/Tiles/plains_37.asset using Guid(9630c8a00001e7543a2698036ff5a5ba) Importer(815301076,1909f56bfc062723c751e8b465ee728b)  -> (artifact id: 'dd936f747a53511449d4ead2f86b450d') in 0.041773 seconds
Number of updated asset objects reloaded before import = 0
Number of asset objects unloaded after import = 3
========================================================================
Received Import Request.
  Time since last request: 0.000032 seconds.
  path: Assets/Art/mystic-woods/tilesets/Tiles/plains_41.asset
  artifactKey: Guid(c6b1259431b029a4aad039d913521d6d) Importer(815301076,1909f56bfc062723c751e8b465ee728b)
Start importing Assets/Art/mystic-woods/tilesets/Tiles/plains_41.asset using Guid(c6b1259431b029a4aad039d913521d6d) Importer(815301076,1909f56bfc062723c751e8b465ee728b)  -> (artifact id: '1a3c891f945cde2411f991a0114d147b') in 0.028548 seconds
Number of updated asset objects reloaded before import = 0
Number of asset objects unloaded after import = 3
========================================================================
Received Import Request.
  Time since last request: 0.000030 seconds.
  path: Assets/Art/mystic-woods/tilesets/Tiles/plains_39.asset
  artifactKey: Guid(5a5e3378ace04b04b94d0b293c789666) Importer(815301076,1909f56bfc062723c751e8b465ee728b)
Start importing Assets/Art/mystic-woods/tilesets/Tiles/plains_39.asset using Guid(5a5e3378ace04b04b94d0b293c789666) Importer(815301076,1909f56bfc062723c751e8b465ee728b)  -> (artifact id: 'fa819e805362095562c23906d6a5d7b2') in 0.039731 seconds
Number of updated asset objects reloaded before import = 0
Number of asset objects unloaded after import = 3
========================================================================
Received Import Request.
  Time since last request: 0.000388 seconds.
  path: Assets/Art/mystic-woods/tilesets/Tiles/plains_43.asset
  artifactKey: Guid(b1d693d0a971a24409cef8154304d2d1) Importer(815301076,1909f56bfc062723c751e8b465ee728b)
Start importing Assets/Art/mystic-woods/tilesets/Tiles/plains_43.asset using Guid(b1d693d0a971a24409cef8154304d2d1) Importer(815301076,1909f56bfc062723c751e8b465ee728b)  -> (artifact id: 'a9e13da9517d9a1bcd0b1f6ac15e34f2') in 0.031488 seconds
Number of updated asset objects reloaded before import = 0
Number of asset objects unloaded after import = 3
========================================================================
Received Import Request.
  Time since last request: 0.000027 seconds.
  path: Assets/Art/mystic-woods/tilesets/Tiles/plains_42.asset
  artifactKey: Guid(35ba934b957a90542a8413e9a2a2e03b) Importer(815301076,1909f56bfc062723c751e8b465ee728b)
Start importing Assets/Art/mystic-woods/tilesets/Tiles/plains_42.asset using Guid(35ba934b957a90542a8413e9a2a2e03b) Importer(815301076,1909f56bfc062723c751e8b465ee728b)  -> (artifact id: '00e8ff89b204c0a10980ae38682db2fc') in 0.039711 seconds
Number of updated asset objects reloaded before import = 0
Number of asset objects unloaded after import = 3
========================================================================
Received Import Request.
  Time since last request: 21.482813 seconds.
  path: Assets/Art/mystic-woods/tilesets/walls/walls.png
  artifactKey: Guid(5b7b8e0ddef22764cbdcf4f4996fcb30) Importer(815301076,1909f56bfc062723c751e8b465ee728b)
Start importing Assets/Art/mystic-woods/tilesets/walls/walls.png using Guid(5b7b8e0ddef22764cbdcf4f4996fcb30) Importer(815301076,1909f56bfc062723c751e8b465ee728b)  -> (artifact id: 'd67f0bca792b068f3f07432510238dd9') in 0.092892 seconds
Number of updated asset objects reloaded before import = 0
Number of asset objects unloaded after import = 3
========================================================================
Received Prepare
Begin MonoManager ReloadAssembly
- Loaded All Assemblies, in  0.921 seconds
Refreshing native plugins compatible for Editor in 9.35 ms, found 4 plugins.
Native extension for WindowsStandalone target not found
Native extension for WebGL target not found
[Package Manager] Server::EnsureServerProcessIsRunning -- launch failed, reason: Unity was launched with the -noUpm command-line argument
[Package Manager] UpmClient::Send -- Unable to send message (not connected to UPM process).
[Package Manager] Cannot connect to Unity Package Manager local server
Mono: successfully reloaded assembly
- Finished resetting the current domain, in  1.809 seconds
Domain Reload Profiling: 2725ms
	BeginReloadAssembly (300ms)
		ExecutionOrderSort (0ms)
		DisableScriptedObjects (18ms)
		BackupInstance (0ms)
		ReleaseScriptingObjects (0ms)
		CreateAndSetChildDomain (75ms)
	RebuildCommonClasses (64ms)
	RebuildNativeTypeToScriptingClass (16ms)
	initialDomainReloadingComplete (53ms)
	LoadAllAssembliesAndSetupDomain (482ms)
		LoadAssemblies (573ms)
		RebuildTransferFunctionScriptingTraits (0ms)
		AnalyzeDomain (68ms)
			TypeCache.Refresh (14ms)
				TypeCache.ScanAssembly (0ms)
			ScanForSourceGeneratedMonoScriptInfo (38ms)
			ResolveRequiredComponents (14ms)
	FinalizeReload (1810ms)
		ReleaseScriptCaches (0ms)
		RebuildScriptCaches (0ms)
		SetupLoadedEditorAssemblies (815ms)
			LogAssemblyErrors (0ms)
			InitializePlatformSupportModulesInManaged (13ms)
			SetLoadedEditorAssemblies (6ms)
			RefreshPlugins (0ms)
			BeforeProcessingInitializeOnLoad (128ms)
			ProcessInitializeOnLoadAttributes (573ms)
			ProcessInitializeOnLoadMethodAttributes (81ms)
			AfterProcessingInitializeOnLoad (14ms)
			EditorAssembliesLoaded (1ms)
		ExecutionOrderSort2 (0ms)
		AwakeInstancesAfterBackupRestoration (31ms)
Refreshing native plugins compatible for Editor in 8.62 ms, found 4 plugins.
Preloading 0 native plugins for Editor in 0.00 ms.
Unloading 4572 Unused Serialized files (Serialized files now loaded: 0)
Unloading 44 unused Assets / (288.3 KB). Loaded Objects now: 5063.
Memory consumption went from 158.9 MB to 158.6 MB.
Total: 5.973000 ms (FindLiveObjects: 0.709600 ms CreateObjectMapping: 0.607700 ms MarkObjects: 4.307000 ms  DeleteObjects: 0.347000 ms)

Prepare: number of updated asset objects reloaded= 0
AssetImportParameters requested are different than current active one (requested -> active):
  custom:scripting/monoscript/fileName/SwordAttack.cs: 9747fb966da6f165f3b26d73c78f18fe -> d7587c2275ae647aff894d7f81f5a7e7
  custom:container-demuxer-ogg: 62fdf1f143b41e24485cea50d1cbac27 -> 
  custom:video-decoder-ogg-theora: a1e56fd34408186e4bbccfd4996cb3dc -> 
  custom:framework-win-MediaFoundation: 216162199b28c13a410421893ffa2e32 -> 
  custom:scripting/monoscript/fileName/EnemyScript.cs: 12ead8ab7b4039d5aa0be81798d20534 -> a588f0b694a2cc2725282aef895ee010
  custom:scripting/monoscript/fileName/PlayerController.cs: 5b090d859ab09be631dc3b0f203f9571 -> d93a52a180fbbe603a59e9aa6da73c83
  custom:CustomObjectIndexerAttribute: 9a22284fe3817be447336de3de66b15e -> 
  custom:container-demuxer-webm: 4f35f7cbe854078d1ac9338744f61a02 -> 
  custom:container-muxer-webm: aa71ff27fc2769a1b78a27578f13a17b -> 
  custom:video-decoder-webm-vp8: 9c59270c3fd7afecdb556c50c9e8de78 -> 
  custom:SearchIndexIgnoredProperties: e643bd26f0fe6173181afceb89e7c659 -> 
  custom:AudioImporter_EditorPlatform: d09bf68614088b80899f8185d706f6e7 -> 
  custom:scripting/monoscript/fileName/Enemy.cs: 8448538d4f104f9acda18da16679c4ac -> 13cc614454c9ae28caa24456faa3d7cf
  custom:video-encoder-webm-vp8: eb34c28f22e8b96e1ab97ce403110664 -> 
  custom:audio-decoder-ogg-vorbis: bf7c407c2cedff20999df2af8eb42d56 -> 
  custom:audio-encoder-webm-vorbis: bf7c407c2cedff20999df2af8eb42d56 -> 
